0.012700557708740234
0.004748821258544922
0.009310245513916016
0.0063555240631103516
0.0056760311126708984
0.008304119110107422
0.005568981170654297
0.0072858333587646484
0.005872011184692383
0.007363080978393555
0.006619453430175781
0.008777618408203125
0.0059392452239990234
0.006236076354980469
0.007095813751220703
0.006661653518676758
0.006290435791015625
0.005829811096191406
0.006711244583129883
0.00681614875793457
0.006690502166748047
0.006423234939575195
0.008673906326293945
0.007319927215576172
0.006613254547119141
0.006255149841308594
0.006811618804931641
0.007400035858154297
0.006459712982177734
0.0070798397064208984
0.007248401641845703
0.006890058517456055
0.006575822830200195
0.005984067916870117
0.00849461555480957
0.007044792175292969
0.00965118408203125
0.007002592086791992
0.0072231292724609375
0.006345987319946289
0.006051778793334961
0.0070953369140625
0.00677800178527832
0.007125377655029297
0.006452798843383789
0.007231712341308594
0.006993770599365234
0.00647282600402832
0.00687718391418457
0.005728244781494141
0.007106304168701172
0.006806135177612305
0.00701451301574707
0.006957530975341797
0.006761789321899414
0.007207393646240234
0.006453752517700195
0.006758451461791992
0.006182193756103516
0.006906986236572266
0.006806373596191406
0.0076944828033447266
0.006231784820556641
0.007468223571777344
0.006490230560302734
0.0062103271484375
0.006613731384277344
0.006496906280517578
0.006789684295654297
0.007132768630981445
0.006556272506713867
0.005805492401123047
0.006418943405151367
0.005948066711425781
0.006937742233276367
0.0076062679290771484
0.007439613342285156
0.00847315788269043
0.006243705749511719
0.006671905517578125
0.006585836410522461
0.009325027465820312
0.008885622024536133
0.006574869155883789
0.008743762969970703
0.009906530380249023
0.008265495300292969
0.006842136383056641
0.004908323287963867
0.008885622024536133
0.006375551223754883
0.008310556411743164
0.00630640983581543
0.009235858917236328
0.007013797760009766
0.009656667709350586
0.006575107574462891
0.007849454879760742
0.006325244903564453
0.007163286209106445
0.006659030914306641
0.006932497024536133
0.006955862045288086
0.0074291229248046875
0.007285356521606445
0.007254600524902344
0.007123708724975586
0.006237983703613281
0.008656740188598633
0.00618290901184082
0.006080150604248047
0.009395360946655273
0.0062596797943115234
0.009042024612426758
0.005872249603271484
0.006811380386352539
0.008730888366699219
0.00710296630859375
0.006981611251831055
0.00677800178527832
0.008104324340820312
0.0066792964935302734
0.007107973098754883
0.006700277328491211
0.007991552352905273
0.007021188735961914
0.006894111633300781
0.009392023086547852
0.006341695785522461
0.004187822341918945
0.0062215328216552734
0.007163524627685547
0.006918191909790039
0.007143497467041016
0.009169340133666992
0.006949424743652344
0.007086515426635742
0.009888887405395508
0.008300304412841797
0.005810976028442383
0.006827116012573242
0.007505893707275391
