0.01133871078491211
0.0065195560455322266
0.006674051284790039
0.0066034793853759766
0.005604982376098633
0.0071315765380859375
0.006459712982177734
0.0059661865234375
0.007117748260498047
0.006253242492675781
0.005945444107055664
0.006409883499145508
0.006644725799560547
0.00689697265625
0.006941795349121094
0.006679058074951172
0.006051540374755859
0.006352424621582031
0.005854606628417969
0.006262063980102539
0.0062181949615478516
0.0064313411712646484
0.006639242172241211
0.006307363510131836
0.007109403610229492
0.006855964660644531
0.00636744499206543
0.006517171859741211
0.0064241886138916016
0.006476402282714844
0.006789445877075195
0.007246494293212891
0.0063991546630859375
0.0064814090728759766
0.006377696990966797
0.006651878356933594
0.006673574447631836
0.006897926330566406
0.0064678192138671875
0.006173372268676758
0.006598949432373047
0.006009101867675781
0.006749868392944336
0.0067272186279296875
0.0062313079833984375
0.005379915237426758
0.0062808990478515625
0.0066432952880859375
0.007261991500854492
0.006561279296875
0.00641322135925293
0.006791353225708008
0.006222724914550781
0.006459951400756836
0.00668644905090332
0.006427288055419922
0.006699800491333008
0.007822990417480469
0.007589578628540039
0.007554292678833008
0.006352663040161133
0.0066776275634765625
0.007058143615722656
0.007184743881225586
0.006215095520019531
0.0069637298583984375
0.00708460807800293
0.006608724594116211
0.006525516510009766
0.006327152252197266
0.006301164627075195
0.00668644905090332
0.00635218620300293
0.006918430328369141
0.0066547393798828125
0.006740093231201172
0.006124019622802734
0.006487846374511719
0.0065114498138427734
0.006310224533081055
0.006747007369995117
0.006317853927612305
0.006196737289428711
0.006751298904418945
0.006613731384277344
0.006873369216918945
0.005764007568359375
0.006421804428100586
0.006445646286010742
0.006983280181884766
0.006651878356933594
0.006903409957885742
0.006754159927368164
0.006457090377807617
0.006657123565673828
0.006078958511352539
0.005210161209106445
0.006105184555053711
0.006284475326538086
0.006258487701416016
0.006410121917724609
0.005711793899536133
0.006281614303588867
0.00693964958190918
0.006885528564453125
0.006422758102416992
0.0066144466400146484
0.006628751754760742
0.006973981857299805
0.006575345993041992
0.006754159927368164
0.006358146667480469
0.0061495304107666016
0.005858182907104492
0.00642704963684082
0.006801128387451172
0.006269216537475586
0.006713390350341797
0.007050991058349609
0.006551504135131836
0.006540775299072266
0.0061032772064208984
0.0063855648040771484
0.007588386535644531
0.005778312683105469
0.005736827850341797
0.006356477737426758
0.006548404693603516
0.00660395622253418
0.005777597427368164
0.0065114498138427734
0.006456851959228516
0.006007671356201172
0.006335258483886719
0.0055005550384521484
0.006390094757080078
0.0064504146575927734
0.007153749465942383
0.0066106319427490234
0.00628972053527832
0.00677180290222168
0.006592273712158203
0.006806373596191406
0.006964206695556641
0.006586790084838867
0.006445169448852539
0.006692647933959961
0.006094455718994141
0.00632476806640625
0.006615400314331055
0.007492780685424805
0.006451845169067383
0.006972074508666992
0.005546092987060547
0.006371021270751953
0.006215095520019531
0.006234407424926758
0.006580352783203125
0.006235361099243164
0.006613731384277344
0.006143331527709961
0.006522417068481445
