0.011409997940063477
0.005755901336669922
0.006491184234619141
0.0068929195404052734
0.004106998443603516
0.0076045989990234375
0.0056095123291015625
0.00599217414855957
0.005881071090698242
0.006391286849975586
0.006592750549316406
0.005676746368408203
0.006716728210449219
0.005053520202636719
0.005967855453491211
0.005285739898681641
0.006373405456542969
0.006162405014038086
0.005878448486328125
0.006673574447631836
0.006735324859619141
0.008335113525390625
0.004929304122924805
0.006295204162597656
0.006631135940551758
0.0066394805908203125
0.00507354736328125
0.006658077239990234
0.006337642669677734
0.006596565246582031
0.006926536560058594
0.0069048404693603516
0.006880521774291992
0.007009267807006836
0.0070226192474365234
0.006999015808105469
0.0066034793853759766
0.006824493408203125
0.0060863494873046875
0.006371259689331055
0.0066754817962646484
0.0057218074798583984
0.0067195892333984375
0.006150007247924805
0.00612640380859375
0.0065460205078125
0.004484415054321289
0.005869388580322266
0.005962848663330078
0.00750422477722168
0.005681514739990234
0.006723165512084961
0.005947113037109375
0.006368875503540039
0.0062825679779052734
0.0062580108642578125
0.005974531173706055
0.006705045700073242
0.0041522979736328125
0.007022857666015625
0.00609588623046875
0.006106376647949219
0.006699085235595703
0.005909919738769531
0.006392955780029297
0.006938934326171875
0.008586883544921875
0.008141040802001953
0.0064945220947265625
0.006735563278198242
0.008164644241333008
0.006973981857299805
0.006423473358154297
0.006224393844604492
0.005980014801025391
0.005267143249511719
0.006330966949462891
0.007794380187988281
0.007290363311767578
0.0060613155364990234
0.0065762996673583984
0.0054132938385009766
0.006129264831542969
0.0056684017181396484
0.006345510482788086
0.006540536880493164
0.00606989860534668
0.004175424575805664
0.005274295806884766
0.006375551223754883
0.006045818328857422
0.005053520202636719
0.0061953067779541016
0.006135225296020508
0.008260011672973633
0.008121490478515625
0.006937742233276367
0.006206512451171875
0.006615161895751953
0.006677389144897461
0.006064414978027344
0.005731344223022461
0.005351066589355469
0.009508132934570312
0.005923271179199219
0.006294965744018555
0.006218910217285156
0.006392955780029297
0.006447315216064453
0.006189823150634766
0.005947113037109375
0.007803916931152344
0.005608797073364258
0.005676984786987305
0.005804300308227539
0.005770683288574219
0.006081104278564453
0.004362344741821289
0.006281852722167969
0.006047248840332031
0.0054798126220703125
0.00554203987121582
0.004584550857543945
0.005936622619628906
0.005663156509399414
0.0056531429290771484
0.005126237869262695
0.006289005279541016
0.006130218505859375
0.006827831268310547
0.0061223506927490234
0.005828142166137695
0.004435062408447266
0.00629878044128418
0.0060727596282958984
0.006434440612792969
0.004774570465087891
0.006940126419067383
0.006611347198486328
0.0068454742431640625
0.006622791290283203
0.0066907405853271484
0.005948543548583984
0.004002571105957031
0.00652003288269043
0.006463766098022461
0.00791621208190918
0.006647825241088867
0.0048410892486572266
0.006438255310058594
0.006964206695556641
0.006323575973510742
0.006523847579956055
0.006705522537231445
0.006996631622314453
0.0061833858489990234
0.005336761474609375
0.006017208099365234
0.005796909332275391
0.006044626235961914
0.007330417633056641
0.005547285079956055
0.006623983383178711
0.006346702575683594
0.005385875701904297
