0.0077974796295166016
0.004787921905517578
0.006081342697143555
0.0064771175384521484
0.0069370269775390625
0.006816387176513672
0.006956338882446289
0.005395174026489258
0.0070726871490478516
0.0058290958404541016
0.0060577392578125
0.006159067153930664
0.006267547607421875
0.006675004959106445
0.005463600158691406
0.0069293975830078125
0.006003141403198242
0.005907773971557617
0.006826877593994141
0.005978584289550781
0.006049633026123047
0.006408214569091797
0.004945278167724609
0.0057866573333740234
0.006104469299316406
0.006232500076293945
0.007241249084472656
0.007213592529296875
0.006787538528442383
0.006369352340698242
0.0069582462310791016
0.006775379180908203
0.006320953369140625
0.006228446960449219
0.007269144058227539
0.007945060729980469
0.006884336471557617
0.0067026615142822266
0.008453369140625
0.005900144577026367
0.006591320037841797
0.00644683837890625
0.00653839111328125
0.005559206008911133
0.006297111511230469
0.005681037902832031
0.008148193359375
0.006262779235839844
0.005498409271240234
0.010070085525512695
0.005797863006591797
0.006209135055541992
0.005594015121459961
0.005974292755126953
0.007193565368652344
0.006295680999755859
0.005452632904052734
0.006108999252319336
0.0036225318908691406
0.005940914154052734
0.0069506168365478516
0.007176399230957031
0.006919145584106445
0.0057561397552490234
0.0065882205963134766
0.006512880325317383
0.005628108978271484
0.005857944488525391
0.006427288055419922
0.006161689758300781
0.00630640983581543
0.006539106369018555
0.006978034973144531
0.006003141403198242
0.006012678146362305
0.006680011749267578
0.007346391677856445
0.005903482437133789
0.004092216491699219
0.006388664245605469
0.005486249923706055
0.00577545166015625
0.006216764450073242
0.0039033889770507812
0.0060923099517822266
0.006651163101196289
0.0061800479888916016
0.006300687789916992
0.006116390228271484
0.006857395172119141
0.00738525390625
0.006749629974365234
0.006517887115478516
0.006743907928466797
0.006092548370361328
0.006455659866333008
0.006063938140869141
0.005248069763183594
0.0059359073638916016
0.005829334259033203
0.006612300872802734
0.006551027297973633
0.0065495967864990234
0.0067348480224609375
0.0061321258544921875
0.006543159484863281
0.0065381526947021484
0.006517171859741211
0.0069086551666259766
0.006456613540649414
0.006552696228027344
0.006390571594238281
0.006178140640258789
0.0061991214752197266
0.0063173770904541016
0.006351947784423828
0.00641942024230957
0.006473064422607422
0.0063974857330322266
0.007053852081298828
0.007027626037597656
0.006374835968017578
0.005427360534667969
0.006197214126586914
0.00601649284362793
0.0063457489013671875
0.007158041000366211
0.006433248519897461
0.005868434906005859
0.006485700607299805
0.0067670345306396484
0.00646209716796875
0.0067255496978759766
0.005533456802368164
0.00843358039855957
0.0058553218841552734
0.006150245666503906
0.006346225738525391
0.0071125030517578125
0.008594036102294922
0.0063076019287109375
0.006900787353515625
0.006810188293457031
0.006650686264038086
0.005692481994628906
0.007294893264770508
0.006523609161376953
0.00712132453918457
0.00594782829284668
0.008442163467407227
0.005921363830566406
0.0046041011810302734
0.005829811096191406
0.007633686065673828
0.006643772125244141
0.0060503482818603516
0.006766319274902344
0.006411314010620117
0.006235837936401367
0.0052678585052490234
0.007068634033203125
0.006693601608276367
0.005753755569458008
0.006136417388916016
0.00690460205078125
0.005126953125
0.006711244583129883
0.005738735198974609
0.009138345718383789
0.006896257400512695
0.005868434906005859
0.007008075714111328
0.0041027069091796875
0.0066034793853759766
0.009269952774047852
0.0064733028411865234
0.007002830505371094
0.007769107818603516
0.005832672119140625
0.005872011184692383
0.006890296936035156
0.0067119598388671875
0.011585474014282227
